This is pdfTeX, Version 3.14159265-2.6-1.40.21 (TeX Live 2020/W32TeX) (preloaded format=pdflatex 2020.6.12)  23 JUN 2020 15:25
entering extended mode
 restricted \write18 enabled.
 file:line:error style messages enabled.
 %&-line parsing enabled.
**d:/latex_book/demo.tex
(d:/latex_book/demo.tex
LaTeX2e <2020-02-02> patch level 5
L3 programming layer <2020-03-06> (f:/texlive/2020/texmf-dist/tex/latex/base/book.cls
Document Class: book 2019/12/20 v1.4l Standard LaTeX document class
(f:/texlive/2020/texmf-dist/tex/latex/base/bk12.clo
File: bk12.clo 2019/12/20 v1.4l Standard LaTeX file (size option)
)
\c@part=\count167
\c@chapter=\count168
\c@section=\count169
\c@subsection=\count170
\c@subsubsection=\count171
\c@paragraph=\count172
\c@subparagraph=\count173
\c@figure=\count174
\c@table=\count175
\abovecaptionskip=\skip47
\belowcaptionskip=\skip48
\bibindent=\dimen134
) (f:/texlive/2020/texmf-dist/tex/latex/cjk/texinput/CJKutf8.sty
Package: CJKutf8 2015/04/18 4.8.4
 (f:/texlive/2020/texmf-dist/tex/generic/iftex/ifpdf.sty
Package: ifpdf 2019/10/25 v3.4 ifpdf legacy package. Use iftex instead.
 (f:/texlive/2020/texmf-dist/tex/generic/iftex/iftex.sty
Package: iftex 2020/03/06 v1.0d TeX engine tests
)) (f:/texlive/2020/texmf-dist/tex/latex/base/inputenc.sty
Package: inputenc 2018/08/11 v1.3c Input encoding file
\inpenc@prehook=\toks15
\inpenc@posthook=\toks16
) (f:/texlive/2020/texmf-dist/tex/latex/cjk/texinput/CJK.sty
Package: CJK 2015/04/18 4.8.4
 (f:/texlive/2020/texmf-dist/tex/latex/cjk/texinput/mule/MULEenc.sty
Package: MULEenc 2015/04/18 4.8.4
) (f:/texlive/2020/texmf-dist/tex/latex/cjk/texinput/CJK.enc
File: CJK.enc 2015/04/18 4.8.4
Now handling font encoding C00 ...
... no UTF-8 mapping file for font encoding C00
Now handling font encoding C05 ...
... no UTF-8 mapping file for font encoding C05
Now handling font encoding C09 ...
... no UTF-8 mapping file for font encoding C09
Now handling font encoding C10 ...
... no UTF-8 mapping file for font encoding C10
Now handling font encoding C20 ...
... no UTF-8 mapping file for font encoding C20
Now handling font encoding C19 ...
... no UTF-8 mapping file for font encoding C19
Now handling font encoding C40 ...
... no UTF-8 mapping file for font encoding C40
Now handling font encoding C42 ...
... no UTF-8 mapping file for font encoding C42
Now handling font encoding C43 ...
... no UTF-8 mapping file for font encoding C43
Now handling font encoding C50 ...
... no UTF-8 mapping file for font encoding C50
Now handling font encoding C52 ...
... no UTF-8 mapping file for font encoding C52
Now handling font encoding C49 ...
... no UTF-8 mapping file for font encoding C49
Now handling font encoding C60 ...
... no UTF-8 mapping file for font encoding C60
Now handling font encoding C61 ...
... no UTF-8 mapping file for font encoding C61
Now handling font encoding C63 ...
... no UTF-8 mapping file for font encoding C63
Now handling font encoding C64 ...
... no UTF-8 mapping file for font encoding C64
Now handling font encoding C65 ...
... no UTF-8 mapping file for font encoding C65
Now handling font encoding C70 ...
... no UTF-8 mapping file for font encoding C70
Now handling font encoding C31 ...
... no UTF-8 mapping file for font encoding C31
Now handling font encoding C32 ...
... no UTF-8 mapping file for font encoding C32
Now handling font encoding C33 ...
... no UTF-8 mapping file for font encoding C33
Now handling font encoding C34 ...
... no UTF-8 mapping file for font encoding C34
Now handling font encoding C35 ...
... no UTF-8 mapping file for font encoding C35
Now handling font encoding C36 ...
... no UTF-8 mapping file for font encoding C36
Now handling font encoding C37 ...
... no UTF-8 mapping file for font encoding C37
Now handling font encoding C80 ...
... no UTF-8 mapping file for font encoding C80
Now handling font encoding C81 ...
... no UTF-8 mapping file for font encoding C81
Now handling font encoding C01 ...
... no UTF-8 mapping file for font encoding C01
Now handling font encoding C11 ...
... no UTF-8 mapping file for font encoding C11
Now handling font encoding C21 ...
... no UTF-8 mapping file for font encoding C21
Now handling font encoding C41 ...
... no UTF-8 mapping file for font encoding C41
Now handling font encoding C62 ...
... no UTF-8 mapping file for font encoding C62
)
LaTeX Info: Redefining \selectfont on input line 755.
\CJK@indent=\box45
) (f:/texlive/2020/texmf-dist/tex/latex/base/fontenc.sty
Package: fontenc 2020/02/11 v2.0o Standard LaTeX package
)) (f:/texlive/2020/texmf-dist/tex/latex/titlesec/titlesec.sty
Package: titlesec 2019/10/16 v2.13 Sectioning titles
\ttl@box=\box46
\beforetitleunit=\skip49
\aftertitleunit=\skip50
\ttl@plus=\dimen135
\ttl@minus=\dimen136
\ttl@toksa=\toks17
\titlewidth=\dimen137
\titlewidthlast=\dimen138
\titlewidthfirst=\dimen139
) (f:/texlive/2020/texmf-dist/tex/latex/graphics/graphicx.sty
Package: graphicx 2019/11/30 v1.2a Enhanced LaTeX Graphics (DPC,SPQR)
 (f:/texlive/2020/texmf-dist/tex/latex/graphics/keyval.sty
Package: keyval 2014/10/28 v1.15 key=value parser (DPC)
\KV@toks@=\toks18
) (f:/texlive/2020/texmf-dist/tex/latex/graphics/graphics.sty
Package: graphics 2019/11/30 v1.4a Standard LaTeX Graphics (DPC,SPQR)
 (f:/texlive/2020/texmf-dist/tex/latex/graphics/trig.sty
Package: trig 2016/01/03 v1.10 sin cos tan (DPC)
) (f:/texlive/2020/texmf-dist/tex/latex/graphics-cfg/graphics.cfg
File: graphics.cfg 2016/06/04 v1.11 sample graphics configuration
)
Package graphics Info: Driver file: pdftex.def on input line 105.
 (f:/texlive/2020/texmf-dist/tex/latex/graphics-def/pdftex.def
File: pdftex.def 2018/01/08 v1.0l Graphics/color driver for pdftex
))
\Gin@req@height=\dimen140
\Gin@req@width=\dimen141
) (f:/texlive/2020/texmf-dist/tex/latex/subfigure/subfigure.sty
Package: subfigure 2002/03/15 v2.1.5 subfigure package
\subfigtopskip=\skip51
\subfigcapskip=\skip52
\subfigcaptopadj=\dimen142
\subfigbottomskip=\skip53
\subfigcapmargin=\dimen143
\subfiglabelskip=\skip54
\c@subfigure=\count176
\c@lofdepth=\count177
\c@subtable=\count178
\c@lotdepth=\count179

****************************************
* Local config file subfigure.cfg used *
****************************************
(f:/texlive/2020/texmf-dist/tex/latex/subfigure/subfigure.cfg)
\subfig@top=\skip55
\subfig@bottom=\skip56
) (f:/texlive/2020/texmf-dist/tex/latex/amsmath/amsbsy.sty
Package: amsbsy 1999/11/29 v1.2d Bold Symbols
 (f:/texlive/2020/texmf-dist/tex/latex/amsmath/amsgen.sty
File: amsgen.sty 1999/11/30 v2.0 generic functions
\@emptytoks=\toks19
\ex@=\dimen144
)
\pmbraise@=\dimen145
) (f:/texlive/2020/texmf-dist/tex/latex/amsmath/amsmath.sty
Package: amsmath 2020/01/20 v2.17e AMS math features
\@mathmargin=\skip57

For additional information on amsmath, use the `?' option.
(f:/texlive/2020/texmf-dist/tex/latex/amsmath/amstext.sty
Package: amstext 2000/06/29 v2.01 AMS text
) (f:/texlive/2020/texmf-dist/tex/latex/amsmath/amsopn.sty
Package: amsopn 2016/03/08 v2.02 operator names
)
\inf@bad=\count180
LaTeX Info: Redefining \frac on input line 227.
\uproot@=\count181
\leftroot@=\count182
LaTeX Info: Redefining \overline on input line 389.
\classnum@=\count183
\DOTSCASE@=\count184
LaTeX Info: Redefining \ldots on input line 486.
LaTeX Info: Redefining \dots on input line 489.
LaTeX Info: Redefining \cdots on input line 610.
\Mathstrutbox@=\box47
\strutbox@=\box48
\big@size=\dimen146
LaTeX Font Info:    Redeclaring font encoding OML on input line 733.
LaTeX Font Info:    Redeclaring font encoding OMS on input line 734.
\macc@depth=\count185
\c@MaxMatrixCols=\count186
\dotsspace@=\muskip16
\c@parentequation=\count187
\dspbrk@lvl=\count188
\tag@help=\toks20
\row@=\count189
\column@=\count190
\maxfields@=\count191
\andhelp@=\toks21
\eqnshift@=\dimen147
\alignsep@=\dimen148
\tagshift@=\dimen149
\tagwidth@=\dimen150
\totwidth@=\dimen151
\lineht@=\dimen152
\@envbody=\toks22
\multlinegap=\skip58
\multlinetaggap=\skip59
\mathdisplay@stack=\toks23
LaTeX Info: Redefining \[ on input line 2859.
LaTeX Info: Redefining \] on input line 2860.
) (f:/texlive/2020/texmf-dist/tex/latex/tools/array.sty
Package: array 2019/08/31 v2.4l Tabular extension package (FMi)
\col@sep=\dimen153
\ar@mcellbox=\box49
\extrarowheight=\dimen154
\NC@list=\toks24
\extratabsurround=\skip60
\backup@length=\skip61
\ar@cellbox=\box50
) (f:/texlive/2020/texmf-dist/tex/latex/hyperref/hyperref.sty
Package: hyperref 2020/01/14 v7.00d Hypertext links for LaTeX
 (f:/texlive/2020/texmf-dist/tex/generic/ltxcmds/ltxcmds.sty
Package: ltxcmds 2019/12/15 v1.24 LaTeX kernel commands for general use (HO)
) (f:/texlive/2020/texmf-dist/tex/latex/pdftexcmds/pdftexcmds.sty
Package: pdftexcmds 2019/11/24 v0.31 Utility functions of pdfTeX for LuaTeX (HO)
 (f:/texlive/2020/texmf-dist/tex/generic/infwarerr/infwarerr.sty
Package: infwarerr 2019/12/03 v1.5 Providing info/warning/error messages (HO)
)
Package pdftexcmds Info: \pdf@primitive is available.
Package pdftexcmds Info: \pdf@ifprimitive is available.
Package pdftexcmds Info: \pdfdraftmode found.
) (f:/texlive/2020/texmf-dist/tex/generic/kvsetkeys/kvsetkeys.sty
Package: kvsetkeys 2019/12/15 v1.18 Key value parser (HO)
) (f:/texlive/2020/texmf-dist/tex/generic/kvdefinekeys/kvdefinekeys.sty
Package: kvdefinekeys 2019-12-19 v1.6 Define keys (HO)
) (f:/texlive/2020/texmf-dist/tex/generic/pdfescape/pdfescape.sty
Package: pdfescape 2019/12/09 v1.15 Implements pdfTeX's escape features (HO)
) (f:/texlive/2020/texmf-dist/tex/latex/hycolor/hycolor.sty
Package: hycolor 2020-01-27 v1.10 Color options for hyperref/bookmark (HO)
) (f:/texlive/2020/texmf-dist/tex/latex/letltxmacro/letltxmacro.sty
Package: letltxmacro 2019/12/03 v1.6 Let assignment for LaTeX macros (HO)
) (f:/texlive/2020/texmf-dist/tex/latex/auxhook/auxhook.sty
Package: auxhook 2019-12-17 v1.6 Hooks for auxiliary files (HO)
) (f:/texlive/2020/texmf-dist/tex/latex/kvoptions/kvoptions.sty
Package: kvoptions 2019/11/29 v3.13 Key value format for package options (HO)
)
\@linkdim=\dimen155
\Hy@linkcounter=\count192
\Hy@pagecounter=\count193
 (f:/texlive/2020/texmf-dist/tex/latex/hyperref/pd1enc.def
File: pd1enc.def 2020/01/14 v7.00d Hyperref: PDFDocEncoding definition (HO)
Now handling font encoding PD1 ...
... no UTF-8 mapping file for font encoding PD1
) (f:/texlive/2020/texmf-dist/tex/generic/intcalc/intcalc.sty
Package: intcalc 2019/12/15 v1.3 Expandable calculations with integers (HO)
) (f:/texlive/2020/texmf-dist/tex/generic/etexcmds/etexcmds.sty
Package: etexcmds 2019/12/15 v1.7 Avoid name clashes with e-TeX commands (HO)
)
\Hy@SavedSpaceFactor=\count194
Package hyperref Info: Option `colorlinks' set `true' on input line 4421.
Package hyperref Info: Hyper figures OFF on input line 4547.
Package hyperref Info: Link nesting OFF on input line 4552.
Package hyperref Info: Hyper index ON on input line 4555.
Package hyperref Info: Plain pages OFF on input line 4562.
Package hyperref Info: Backreferencing OFF on input line 4567.
Package hyperref Info: Implicit mode ON; LaTeX internals redefined.
Package hyperref Info: Bookmarks ON on input line 4800.
\c@Hy@tempcnt=\count195
 (f:/texlive/2020/texmf-dist/tex/latex/url/url.sty
\Urlmuskip=\muskip17
Package: url 2013/09/16  ver 3.4  Verb mode for urls, etc.
)
LaTeX Info: Redefining \url on input line 5159.
\XeTeXLinkMargin=\dimen156
 (f:/texlive/2020/texmf-dist/tex/generic/bitset/bitset.sty
Package: bitset 2019/12/09 v1.3 Handle bit-vector datatype (HO)
 (f:/texlive/2020/texmf-dist/tex/generic/bigintcalc/bigintcalc.sty
Package: bigintcalc 2019/12/15 v1.5 Expandable calculations on big integers (HO)
))
\Fld@menulength=\count196
\Field@Width=\dimen157
\Fld@charsize=\dimen158
Package hyperref Info: Hyper figures OFF on input line 6430.
Package hyperref Info: Link nesting OFF on input line 6435.
Package hyperref Info: Hyper index ON on input line 6438.
Package hyperref Info: backreferencing OFF on input line 6445.
Package hyperref Info: Link coloring ON on input line 6448.
Package hyperref Info: Link coloring with OCG OFF on input line 6455.
Package hyperref Info: PDF/A mode OFF on input line 6460.
LaTeX Info: Redefining \ref on input line 6500.
LaTeX Info: Redefining \pageref on input line 6504.
 (f:/texlive/2020/texmf-dist/tex/generic/atbegshi/atbegshi.sty
Package: atbegshi 2019/12/05 v1.19 At begin shipout hook (HO)
)
\Hy@abspage=\count197
\c@Item=\count198
\c@Hfootnote=\count199
)
Package hyperref Info: Driver (autodetected): hpdftex.
 (f:/texlive/2020/texmf-dist/tex/latex/hyperref/hpdftex.def
File: hpdftex.def 2020/01/14 v7.00d Hyperref driver for pdfTeX
 (f:/texlive/2020/texmf-dist/tex/latex/atveryend/atveryend.sty
Package: atveryend 2019-12-11 v1.11 Hooks at the very end of document (HO)
Package atveryend Info: \enddocument detected (standard20110627).
)
\Fld@listcount=\count266
\c@bookmark@seq@number=\count267
 (f:/texlive/2020/texmf-dist/tex/latex/rerunfilecheck/rerunfilecheck.sty
Package: rerunfilecheck 2019/12/05 v1.9 Rerun checks for auxiliary files (HO)
 (f:/texlive/2020/texmf-dist/tex/generic/uniquecounter/uniquecounter.sty
Package: uniquecounter 2019/12/15 v1.4 Provide unlimited unique counter (HO)
)
Package uniquecounter Info: New unique counter `rerunfilecheck' on input line 286.
)
\Hy@SectionHShift=\skip62
) (f:/texlive/2020/texmf-dist/tex/latex/enumitem/enumitem.sty
Package: enumitem 2019/06/20 v3.9 Customized lists
\labelindent=\skip63
\enit@outerparindent=\dimen159
\enit@toks=\toks25
\enit@inbox=\box51
\enit@count@id=\count268
\enitdp@description=\count269
)
\c@definition=\count270
 (f:/texlive/2020/texmf-dist/tex/latex/cjk/texinput/UTF8/UTF8.bdg
File: UTF8.bdg 2015/04/18 4.8.4
) (f:/texlive/2020/texmf-dist/tex/latex/cjk/texinput/UTF8/UTF8.enc
File: UTF8.enc 2015/04/18 4.8.4
) (f:/texlive/2020/texmf-dist/tex/latex/cjk/texinput/UTF8/UTF8.chr
File: UTF8.chr 2015/04/18 4.8.4
) (f:/texlive/2020/texmf-dist/tex/latex/tools/indentfirst.sty
Package: indentfirst 1995/11/23 v1.03 Indent first paragraph (DPC)
) (f:/texlive/2020/texmf-dist/tex/latex/l3backend/l3backend-pdfmode.def
File: l3backend-pdfmode.def 2020-03-12 L3 backend support: PDF mode
\l__kernel_color_stack_int=\count271
\l__pdf_internal_box=\box52
) (d:/latex_book/demo.aux

LaTeX Warning: Label `E1' multiply defined.

)
\openout1 = `demo.aux'.

LaTeX Font Info:    Checking defaults for OML/cmm/m/it on input line 29.
LaTeX Font Info:    ... okay on input line 29.
LaTeX Font Info:    Checking defaults for OMS/cmsy/m/n on input line 29.
LaTeX Font Info:    ... okay on input line 29.
LaTeX Font Info:    Checking defaults for OT1/cmr/m/n on input line 29.
LaTeX Font Info:    ... okay on input line 29.
LaTeX Font Info:    Checking defaults for T1/cmr/m/n on input line 29.
LaTeX Font Info:    ... okay on input line 29.
LaTeX Font Info:    Checking defaults for TS1/cmr/m/n on input line 29.
LaTeX Font Info:    ... okay on input line 29.
LaTeX Font Info:    Checking defaults for OMX/cmex/m/n on input line 29.
LaTeX Font Info:    ... okay on input line 29.
LaTeX Font Info:    Checking defaults for U/cmr/m/n on input line 29.
LaTeX Font Info:    ... okay on input line 29.
LaTeX Font Info:    Checking defaults for C00/song/m/n on input line 29.
LaTeX Font Info:    ... okay on input line 29.
LaTeX Font Info:    Checking defaults for C05/song/m/n on input line 29.
LaTeX Font Info:    ... okay on input line 29.
LaTeX Font Info:    Checking defaults for C09/song/m/n on input line 29.
LaTeX Font Info:    ... okay on input line 29.
LaTeX Font Info:    Checking defaults for C10/song/m/n on input line 29.
LaTeX Font Info:    ... okay on input line 29.
LaTeX Font Info:    Checking defaults for C20/song/m/n on input line 29.
LaTeX Font Info:    ... okay on input line 29.
LaTeX Font Info:    Checking defaults for C19/song/m/n on input line 29.
LaTeX Font Info:    ... okay on input line 29.
LaTeX Font Info:    Checking defaults for C40/song/m/n on input line 29.
LaTeX Font Info:    ... okay on input line 29.
LaTeX Font Info:    Checking defaults for C42/song/m/n on input line 29.
LaTeX Font Info:    ... okay on input line 29.
LaTeX Font Info:    Checking defaults for C43/song/m/n on input line 29.
LaTeX Font Info:    ... okay on input line 29.
LaTeX Font Info:    Checking defaults for C50/song/m/n on input line 29.
LaTeX Font Info:    ... okay on input line 29.
LaTeX Font Info:    Checking defaults for C52/song/m/n on input line 29.
LaTeX Font Info:    ... okay on input line 29.
LaTeX Font Info:    Checking defaults for C49/song/m/n on input line 29.
LaTeX Font Info:    ... okay on input line 29.
LaTeX Font Info:    Checking defaults for C60/mj/m/n on input line 29.
LaTeX Font Info:    ... okay on input line 29.
LaTeX Font Info:    Checking defaults for C61/mj/m/n on input line 29.
LaTeX Font Info:    ... okay on input line 29.
LaTeX Font Info:    Checking defaults for C63/mj/m/n on input line 29.
LaTeX Font Info:    ... okay on input line 29.
LaTeX Font Info:    Checking defaults for C64/mj/m/n on input line 29.
LaTeX Font Info:    ... okay on input line 29.
LaTeX Font Info:    Checking defaults for C65/mj/m/n on input line 29.
LaTeX Font Info:    ... okay on input line 29.
LaTeX Font Info:    Checking defaults for C70/song/m/n on input line 29.
LaTeX Font Info:    ... okay on input line 29.
LaTeX Font Info:    Checking defaults for C31/song/m/n on input line 29.
LaTeX Font Info:    ... okay on input line 29.
LaTeX Font Info:    Checking defaults for C32/song/m/n on input line 29.
LaTeX Font Info:    ... okay on input line 29.
LaTeX Font Info:    Checking defaults for C33/song/m/n on input line 29.
LaTeX Font Info:    ... okay on input line 29.
LaTeX Font Info:    Checking defaults for C34/song/m/n on input line 29.
LaTeX Font Info:    ... okay on input line 29.
LaTeX Font Info:    Checking defaults for C35/song/m/n on input line 29.
LaTeX Font Info:    ... okay on input line 29.
LaTeX Font Info:    Checking defaults for C36/song/m/n on input line 29.
LaTeX Font Info:    ... okay on input line 29.
LaTeX Font Info:    Checking defaults for C37/song/m/n on input line 29.
LaTeX Font Info:    ... okay on input line 29.
LaTeX Font Info:    Checking defaults for C80/song/m/n on input line 29.
LaTeX Font Info:    ... okay on input line 29.
LaTeX Font Info:    Checking defaults for C81/song/m/n on input line 29.
LaTeX Font Info:    ... okay on input line 29.
LaTeX Font Info:    Checking defaults for C01/song/m/n on input line 29.
LaTeX Font Info:    ... okay on input line 29.
LaTeX Font Info:    Checking defaults for C11/song/m/n on input line 29.
LaTeX Font Info:    ... okay on input line 29.
LaTeX Font Info:    Checking defaults for C21/song/m/n on input line 29.
LaTeX Font Info:    ... okay on input line 29.
LaTeX Font Info:    Checking defaults for C41/song/m/n on input line 29.
LaTeX Font Info:    ... okay on input line 29.
LaTeX Font Info:    Checking defaults for C62/song/m/n on input line 29.
LaTeX Font Info:    ... okay on input line 29.
LaTeX Font Info:    Checking defaults for PD1/pdf/m/n on input line 29.
LaTeX Font Info:    ... okay on input line 29.
 (f:/texlive/2020/texmf-dist/tex/context/base/mkii/supp-pdf.mkii
[Loading MPS to PDF converter (version 2006.09.02).]
\scratchcounter=\count272
\scratchdimen=\dimen160
\scratchbox=\box53
\nofMPsegments=\count273
\nofMParguments=\count274
\everyMPshowfont=\toks26
\MPscratchCnt=\count275
\MPscratchDim=\dimen161
\MPnumerator=\count276
\makeMPintoPDFobject=\count277
\everyMPtoPDFconversion=\toks27
) (f:/texlive/2020/texmf-dist/tex/latex/epstopdf-pkg/epstopdf-base.sty
Package: epstopdf-base 2020-01-24 v2.11 Base part for package epstopdf
Package epstopdf-base Info: Redefining graphics rule for `.eps' on input line 485.
 (f:/texlive/2020/texmf-dist/tex/latex/latexconfig/epstopdf-sys.cfg
File: epstopdf-sys.cfg 2010/07/13 v1.3 Configuration of (r)epstopdf for TeX Live
))
\AtBeginShipoutBox=\box54
 (f:/texlive/2020/texmf-dist/tex/latex/graphics/color.sty
Package: color 2019/11/23 v1.2a Standard LaTeX Color (DPC)
 (f:/texlive/2020/texmf-dist/tex/latex/graphics-cfg/color.cfg
File: color.cfg 2016/01/02 v1.6 sample color configuration
)
Package color Info: Driver file: pdftex.def on input line 147.
)
Package hyperref Info: Link coloring ON on input line 29.
 (f:/texlive/2020/texmf-dist/tex/latex/hyperref/nameref.sty
Package: nameref 2019/09/16 v2.46 Cross-referencing by name of section
 (f:/texlive/2020/texmf-dist/tex/latex/refcount/refcount.sty
Package: refcount 2019/12/15 v3.6 Data extraction from label references (HO)
) (f:/texlive/2020/texmf-dist/tex/generic/gettitlestring/gettitlestring.sty
Package: gettitlestring 2019/12/15 v1.6 Cleanup title references (HO)
)
\c@section@level=\count278
)
LaTeX Info: Redefining \ref on input line 29.
LaTeX Info: Redefining \pageref on input line 29.
LaTeX Info: Redefining \nameref on input line 29.
 (d:/latex_book/demo.out) (d:/latex_book/demo.out)
\@outlinefile=\write3
\openout3 = `demo.out'.

LaTeX Font Info:    Trying to load font information for C70+gbsn on input line 34.
 (f:/texlive/2020/texmf-dist/tex/latex/cjk/texinput/UTF8/c70gbsn.fd
File: c70gbsn.fd 2015/04/18 4.8.4
) (f:/texlive/2020/texmf-dist/tex/latex/cjk/texinput/UTF8/c70gbsn.fdx
File: c70gbsn.fdx 2015/04/18 4.8.4
) [1


{f:/texlive/2020/texmf-var/fonts/map/pdftex/updmap/pdftex.map}] [2

] (d:/latex_book/demo.toc [3]
Underfull \vbox (badness 1348) has occurred while \output is active []

 [4]
Underfull \vbox (badness 1348) has occurred while \output is active []

 [5])
\tf@toc=\write4
\openout4 = `demo.toc'.

 [6]
Chapter 1.

Underfull \vbox (badness 2772) has occurred while \output is active []

 [7

]
<1_1.jpg, id=520, 3265.19875pt x 1791.69376pt>
File: 1_1.jpg Graphic file (type jpg)
<use 1_1.jpg>
Package pdftex.def Info: 1_1.jpg  used on input line 77.
(pdftex.def)             Requested size: 284.48851pt x 199.16469pt.


LaTeX Font Warning: Font shape `C70/gbsn/m/sl' undefined
(Font)              using `C70/gbsn/m/n' instead on input line 82.

[8 <d:/latex_book/1_1.jpg>]
Underfull \vbox (badness 10000) has occurred while \output is active []

 [9] [10]
Chapter 2.
[11

]

Package hyperref Warning: Token not allowed in a PDF string (PDFDocEncoding):
(hyperref)                removing `math shift' on input line 186.


Package hyperref Warning: Token not allowed in a PDF string (PDFDocEncoding):
(hyperref)                removing `\omega' on input line 186.


Package hyperref Warning: Token not allowed in a PDF string (PDFDocEncoding):
(hyperref)                removing `math shift' on input line 186.

[12] [13] [14

]
Chapter 3.
[15] [16]
Chapter 4.
[17

]
Missing character: There is no å in font cmr12!
Missing character: There is no å in font cmr12!
 [18]
Chapter 5.

Overfull \hbox (40.71954pt too wide) in paragraph at lines 373--374
[]\C70/gbsn/m/sl/12/4e Œ \C70/gbsn/m/sl/12/65 p \C70/gbsn/m/n/12/5b f \C70/gbsn/bx/n/12/76 Ñ \C70/gbsn/m/sl/12/89 “ \C70/gbsn/m/sl/12/5e ¶ \C70/gbsn/m/n/12/77 $\OML/cmm/m/it/12 C \OT1/cmr/m/n/12 = \OMS/cmsy/m/n/12 f\OML/cmm/m/it/12 c[]; c[]; [] ; c[]\OMS/cmsy/m/n/12 g$\C70/gbsn/m/n/12/66 / \C70/gbsn/bx/n/12/7c { \C70/gbsn/m/sl/12/52 + \C70/gbsn/bx/n/12/76 Ñ \C70/gbsn/m/n/12/96 ∆ \C70/gbsn/bx/n/12/54 ^^H \C70/gbsn/m/n/12/ff ^^L \C70/gbsn/m/n/12/96 ∆ \C70/gbsn/bx/n/12/54 ^^H$\OML/cmm/m/it/12 X \OT1/cmr/m/n/12 = \OMS/cmsy/m/n/12 f\OML/cmm/m/it/12 x[]; x[]; [] ; x[]\OMS/cmsy/m/n/12 g$\C70/gbsn/m/n/12/66 /
 []

Missing character: There is no å in font cmr12!
[19

] [20] [21] [22] [23] [24

]
Chapter 6.
<6_1.jpg, id=617, 512.91624pt x 338.26375pt>
File: 6_1.jpg Graphic file (type jpg)
<use 6_1.jpg>
Package pdftex.def Info: 6_1.jpg  used on input line 502.
(pdftex.def)             Requested size: 284.531pt x 199.17644pt.

LaTeX Warning: `h' float specifier changed to `ht'.


Underfull \vbox (badness 3179) has occurred while \output is active []

 [25]
Underfull \vbox (badness 10000) has occurred while \output is active []

 [26 <d:/latex_book/6_1.jpg (PNG copy)>]
Missing character: There is no Â in font cmr12!
Missing character: There is no ö in font cmr12!
Missing character: There is no Ñ in font cmr12!
Missing character: There is no µ in font cmr12!
Missing character: There is no ∞ in font cmr12!
 [27] [28] [29] [30]
Chapter 7.
<7_1.jpg, id=651, 602.25pt x 401.5pt>
File: 7_1.jpg Graphic file (type jpg)
<use 7_1.jpg>
Package pdftex.def Info: 7_1.jpg  used on input line 623.
(pdftex.def)             Requested size: 284.53705pt x 227.62596pt.

LaTeX Warning: `h' float specifier changed to `ht'.


Underfull \vbox (badness 10000) has occurred while \output is active []

 [31

] [32 <d:/latex_book/7_1.jpg>]
<7_2.jpg, id=667, 354.32375pt x 247.92625pt>
File: 7_2.jpg Graphic file (type jpg)
<use 7_2.jpg>
Package pdftex.def Info: 7_2.jpg  used on input line 661.
(pdftex.def)             Requested size: 227.62605pt x 142.26518pt.

Underfull \vbox (badness 10000) has occurred while \output is active []

 [33 <d:/latex_book/7_2.jpg>] [34] [35] [36] [37] [38

]
Chapter 8.

Overfull \hbox (11.78328pt too wide) in paragraph at lines 786--788
\C70/gbsn/m/sl/12/9a l \C70/gbsn/m/sl/12/5c ^^T \C70/gbsn/m/n/12/79 — \C70/gbsn/m/sl/12/59 + \C70/gbsn/m/sl/12/6a ! \C70/gbsn/m/sl/12/57 ã \C70/gbsn/m/sl/12/67 	 \C70/gbsn/m/sl/12/65 ˆ \C70/gbsn/m/n/12/79  \C70/gbsn/m/sl/12/4e : \C70/gbsn/m/sl/12/53 Ô \C70/gbsn/m/sl/12/89 ∆ \C70/gbsn/m/sl/12/9a l \C70/gbsn/m/sl/12/5c ^^T \C70/gbsn/m/n/12/79 — \C70/gbsn/m/sl/12/59 + \C70/gbsn/m/sl/12/6a ! \C70/gbsn/m/sl/12/57 ã \C70/gbsn/bx/n/12/ff ^^H\OT1/cmr/m/n/12 visible Markov model\C70/gbsn/bx/n/12/ff ^^L\OT1/cmr/m/n/12 VMM\C70/gbsn/bx/n/12/ff 	 ^^L
 []

[39]
<8_1.jpg, id=716, 404.26031pt x 163.3603pt>
File: 8_1.jpg Graphic file (type jpg)
<use 8_1.jpg>
Package pdftex.def Info: 8_1.jpg  used on input line 797.
(pdftex.def)             Requested size: 369.8884pt x 156.49008pt.
 [40 <d:/latex_book/8_1.jpg>]
Overfull \hbox (1.19073pt too wide) in paragraph at lines 851--852
[]\C70/gbsn/m/sl/12/68 9 \C70/gbsn/m/sl/12/63 n \C70/gbsn/m/sl/12/72 ∂ \C70/gbsn/m/sl/12/60 ^^A \C70/gbsn/m/sl/12/8f l \C70/gbsn/m/sl/12/79 ˚ \C70/gbsn/m/sl/12/69 Ç \C70/gbsn/m/sl/12/73 á \C70/gbsn/m/sl/12/52 ^^F \C70/gbsn/m/sl/12/5e ^^C$\OML/cmm/m/it/12 a[]$\C70/gbsn/bx/n/12/ff ^^L \C70/gbsn/m/sl/12/5c ^^F \C70/gbsn/m/sl/12/5f S \C70/gbsn/m/sl/12/52 M$\OML/cmm/m/it/12 t$\C70/gbsn/m/sl/12/65 ˆ \C70/gbsn/m/sl/12/52 ; \C70/gbsn/m/sl/12/76 Ñ \C70/gbsn/m/sl/12/72 ∂ \C70/gbsn/m/sl/12/60 ^^A \C70/gbsn/m/sl/12/8f l \C70/gbsn/m/sl/12/79 ˚ \C70/gbsn/m/sl/12/52 0 \C70/gbsn/m/sl/12/65 ∞ \C70/gbsn/m/sl/12/76 Ñ \C70/gbsn/m/sl/12/72 ∂ \C70/gbsn/m/sl/12/60 ^^A$\OML/cmm/m/it/12 q[] \OT1/cmr/m/n/12 =
 []

[41]
Overfull \hbox (3.28625pt too wide) in paragraph at lines 858--861
[]\C70/gbsn/m/sl/12/4f 0 \C70/gbsn/m/sl/12/8b ° \C70/gbsn/m/n/12/95 Ó \C70/gbsn/m/n/12/98 ò \C70/gbsn/bx/n/12/ff ^^Z \C70/gbsn/m/sl/12/7e Ÿ \C70/gbsn/m/sl/12/5b ö \C70/gbsn/m/sl/12/4e ^^@ * \C70/gbsn/m/sl/12/89 ¬ \C70/gbsn/m/sl/12/5b ﬂ \C70/gbsn/m/sl/12/5e è \C70/gbsn/m/sl/12/52 ^^W$\OML/cmm/m/it/12 O \OT1/cmr/m/n/12 = \OML/cmm/m/it/12 O[]O[] [] O[]$\C70/gbsn/m/sl/12/54 å \C70/gbsn/m/sl/12/6a ! \C70/gbsn/m/sl/12/57 ã$\OML/cmm/m/it/12 u \OT1/cmr/m/n/12 = ([])$,\C70/gbsn/m/sl/12/59 Ç
 []

[42]

LaTeX Font Warning: Font shape `C70/gbsn/m/it' undefined
(Font)              using `C70/gbsn/m/n' instead on input line 899.

[43]
Overfull \hbox (4.29205pt too wide) in paragraph at lines 940--941
[]\C70/gbsn/m/it/12/4e Œ \C70/gbsn/m/it/12/65 ˆ \C70/gbsn/m/sl/12/95 Ù$\OML/cmm/m/it/12 t$\C70/gbsn/m/it/12/52 0 \C70/gbsn/m/it/12/65 ˆ \C70/gbsn/m/sl/12/95 Ù$\OML/cmm/m/it/12 t \OT1/cmr/m/n/12 + 1$, HMM\C70/gbsn/m/it/12/76 Ñ \C70/gbsn/m/it/12/72 ∂ \C70/gbsn/m/it/12/60 ^^A$\OML/cmm/m/it/12 s[]$\C70/gbsn/m/it/12/52 0 \C70/gbsn/m/it/12/72 ∂ \C70/gbsn/m/it/12/60 ^^A$\OML/cmm/m/it/12 s[]$\C70/gbsn/m/it/12/8f ì \C70/gbsn/m/it/12/51 ˙$\OML/cmm/m/it/12 O[]$\OT1/cmr/m/n/12 ,\C70/gbsn/m/it/12/69 Ç \C70/gbsn/m/it/12/73 á \C70/gbsn/m/it/12/4e :$\OML/cmm/m/it/12 a[]b[]\OT1/cmr/m/n/12 (\OML/cmm/m/it/12 O[]\OT1/cmr/m/n/12 )$ 
 []

[44]
Overfull \hbox (17.86621pt too wide) in paragraph at lines 969--970
[]\C70/gbsn/m/it/12/57 ( \C70/gbsn/m/it/12/7e Ÿ \C70/gbsn/m/it/12/5b ö \C70/gbsn/m/it/12/6a ! \C70/gbsn/m/it/12/57 ã$\OML/cmm/m/it/12 u$\C70/gbsn/m/it/12/54 å \C70/gbsn/m/it/12/89 ¬ \C70/gbsn/m/it/12/5b ﬂ \C70/gbsn/m/it/12/5e è \C70/gbsn/m/it/12/52 ^^W$\OML/cmm/m/it/12 O$\C70/gbsn/m/it/12/76 Ñ \C70/gbsn/m/it/12/67 a \C70/gbsn/m/it/12/4e ˆ  \C70/gbsn/m/it/12/ff ^^L \C70/gbsn/m/it/12/4f ^^? \C70/gbsn/m/it/12/5f ó \C70/gbsn/m/it/12/67 a \C70/gbsn/m/it/12/4e ˆ \C70/gbsn/m/it/12/69 Ç \C70/gbsn/m/it/12/73 á$\OML/cmm/m/it/12 P\OT1/cmr/m/n/12 (\OML/cmm/m/it/12 Q\OMS/cmsy/m/n/12 j\OML/cmm/m/it/12 O; u\OT1/cmr/m/n/12 )$\C70/gbsn/m/it/12/67 ^^@
 []

[45] [46]
Overfull \hbox (16.19492pt too wide) detected at line 1073
[]
 []


Underfull \vbox (badness 4752) has occurred while \output is active []

 [47]
Overfull \hbox (7.12357pt too wide) in paragraph at lines 1088--1091
[]\OT1/cmr/m/n/12 EM\C70/gbsn/m/sl/12/8b ° \C70/gbsn/m/sl/12/7b ó \OT1/cmr/m/n/12 E\C70/gbsn/m/it/12/6b e \C70/gbsn/m/it/12/ff ^^Z \C70/gbsn/m/sl/12/75 1 \C70/gbsn/m/it/12/6a ! \C70/gbsn/m/it/12/57 ã$\OML/cmm/m/it/12 ^^V[]$\C70/gbsn/m/sl/12/68 9 \C70/gbsn/m/sl/12/63 n \C70/gbsn/m/it/12/51 l \C70/gbsn/m/it/12/5f ^^O\OT1/cmr/m/n/12 18-1\C70/gbsn/m/it/12/54 å\OT1/cmr/m/n/12 18-2\C70/gbsn/m/sl/12/8b ° \C70/gbsn/m/sl/12/7b ó$\OML/cmm/m/it/12 ^^X[]\OT1/cmr/m/n/12 (\OML/cmm/m/it/12 i; j\OT1/cmr/m/n/12 )$\C70/gbsn/m/it/12/54 å$\OML/cmm/m/it/12 ^^M[]\OT1/cmr/m/n/12 (\OML/cmm/m/it/12 i\OT1/cmr/m/n/12 )$\C70/gbsn/m/it/12/ff ^^[ \OT1/cmr/m/n/12 M\C70/gbsn/m/it/12/6b e \C70/gbsn/m/it/12/ff ^^Z
 []

[48]
Chapter 9.
Package atveryend Info: Empty hook `BeforeClearDocument' on input line 1099.
[49

]
Package atveryend Info: Empty hook `AfterLastShipout' on input line 1099.
 (d:/latex_book/demo.aux)
Package atveryend Info: Executing hook `AtVeryEndDocument' on input line 1099.
Package atveryend Info: Executing hook `AtEndAfterFileList' on input line 1099.
Package rerunfilecheck Info: File `demo.out' has not changed.
(rerunfilecheck)             Checksum: DC83DB1B1D18FF27DC0B8E6D398C00B6;6838.


LaTeX Font Warning: Some font shapes were not available, defaults substituted.


LaTeX Warning: There were multiply-defined labels.

Package atveryend Info: Empty hook `AtVeryVeryEnd' on input line 1099.
 ) 
Here is how much of TeX's memory you used:
 10565 strings out of 480608
 152732 string characters out of 5907536
 413600 words of memory out of 5000000
 25655 multiletter control sequences out of 15000+600000
 600547 words of font info for 267 fonts, out of 8000000 for 9000
 1141 hyphenation exceptions out of 8191
 34i,21n,41p,667b,2942s stack positions out of 5000i,500n,10000p,200000b,80000s
{f:/texlive/2020/texmf-dist/fonts/enc/dvips/cm-super/cm-super-ts1.enc}<f:/texlive/2020/texmf-dist/fonts/type1/public/amsfonts/cm/cmbsy10.pfb><f:/texlive/2020/texmf-dist/fonts/type1/public/amsfonts/cmextra/cmbsy8.pfb><f:/texlive/2020/texmf-dist/fonts/type1/public/amsfonts/cm/cmbx12.pfb><f:/texlive/2020/texmf-dist/fonts/type1/public/amsfonts/cm/cmbx8.pfb><f:/texlive/2020/texmf-dist/fonts/type1/public/amsfonts/cm/cmex10.pfb><f:/texlive/2020/texmf-dist/fonts/type1/public/amsfonts/cm/cmmi12.pfb><f:/texlive/2020/texmf-dist/fonts/type1/public/amsfonts/cm/cmmi6.pfb><f:/texlive/2020/texmf-dist/fonts/type1/public/amsfonts/cm/cmmi8.pfb><f:/texlive/2020/texmf-dist/fonts/type1/public/amsfonts/cm/cmmib10.pfb><f:/texlive/2020/texmf-dist/fonts/type1/public/amsfonts/cmextra/cmmib8.pfb><f:/texlive/2020/texmf-dist/fonts/type1/public/amsfonts/cm/cmr12.pfb><f:/texlive/2020/texmf-dist/fonts/type1/public/amsfonts/cm/cmr6.pfb><f:/texlive/2020/texmf-dist/fonts/type1/public/amsfonts/cm/cmr8.pfb><f:/texlive/2020/texmf-dist/fonts/type1/public/amsfonts/cm/cmsl12.pfb><f:/texlive/2020/texmf-dist/fonts/type1/public/amsfonts/cm/cmsy10.pfb><f:/texlive/2020/texmf-dist/fonts/type1/public/amsfonts/cm/cmsy6.pfb><f:/texlive/2020/texmf-dist/fonts/type1/public/amsfonts/cm/cmsy8.pfb><f:/texlive/2020/texmf-dist/fonts/type1/public/amsfonts/cm/cmti12.pfb><f:/texlive/2020/texmf-dist/fonts/type1/arphic/gbsnu/gbsnu30.pfb><f:/texlive/2020/texmf-dist/fonts/type1/arphic/gbsnu/gbsnu4e.pfb><f:/texlive/2020/texmf-dist/fonts/type1/arphic/gbsnu/gbsnu4f.pfb><f:/texlive/2020/texmf-dist/fonts/type1/arphic/gbsnu/gbsnu50.pfb><f:/texlive/2020/texmf-dist/fonts/type1/arphic/gbsnu/gbsnu51.pfb><f:/texlive/2020/texmf-dist/fonts/type1/arphic/gbsnu/gbsnu52.pfb><f:/texlive/2020/texmf-dist/fonts/type1/arphic/gbsnu/gbsnu53.pfb><f:/texlive/2020/texmf-dist/fonts/type1/arphic/gbsnu/gbsnu54.pfb><f:/texlive/2020/texmf-dist/fonts/type1/arphic/gbsnu/gbsnu55.pfb><f:/texlive/2020/texmf-dist/fonts/type1/arphic/gbsnu/gbsnu56.pfb><f:/texlive/2020/texmf-dist/fonts/type1/arphic/gbsnu/gbsnu57.pfb><f:/texlive/2020/texmf-dist/fonts/type1/arphic/gbsnu/gbsnu58.pfb><f:/texlive/2020/texmf-dist/fonts/type1/arphic/gbsnu/gbsnu59.pfb><f:/texlive/2020/texmf-dist/fonts/type1/arphic/gbsnu/gbsnu5b.pfb><f:/texlive/2020/texmf-dist/fonts/type1/arphic/gbsnu/gbsnu5c.pfb><f:/texlive/2020/texmf-dist/fonts/type1/arphic/gbsnu/gbsnu5d.pfb><f:/texlive/2020/texmf-dist/fonts/type1/arphic/gbsnu/gbsnu5e.pfb><f:/texlive/2020/texmf-dist/fonts/type1/arphic/gbsnu/gbsnu5f.pfb><f:/texlive/2020/texmf-dist/fonts/type1/arphic/gbsnu/gbsnu60.pfb><f:/texlive/2020/texmf-dist/fonts/type1/arphic/gbsnu/gbsnu61.pfb><f:/texlive/2020/texmf-dist/fonts/type1/arphic/gbsnu/gbsnu62.pfb><f:/texlive/2020/texmf-dist/fonts/type1/arphic/gbsnu/gbsnu63.pfb><f:/texlive/2020/texmf-dist/fonts/type1/arphic/gbsnu/gbsnu64.pfb><f:/texlive/2020/texmf-dist/fonts/type1/arphic/gbsnu/gbsnu65.pfb><f:/texlive/2020/texmf-dist/fonts/type1/arphic/gbsnu/gbsnu66.pfb><f:/texlive/2020/texmf-dist/fonts/type1/arphic/gbsnu/gbsnu67.pfb><f:/texlive/2020/texmf-dist/fonts/type1/arphic/gbsnu/gbsnu68.pfb><f:/texlive/2020/texmf-dist/fonts/type1/arphic/gbsnu/gbsnu69.pfb><f:/texlive/2020/texmf-dist/fonts/type1/arphic/gbsnu/gbsnu6a.pfb><f:/texlive/2020/texmf-dist/fonts/type1/arphic/gbsnu/gbsnu6b.pfb><f:/texlive/2020/texmf-dist/fonts/type1/arphic/gbsnu/gbsnu6c.pfb><f:/texlive/2020/texmf-dist/fonts/type1/arphic/gbsnu/gbsnu6d.pfb><f:/texlive/2020/texmf-dist/fonts/type1/arphic/gbsnu/gbsnu6e.pfb><f:/texlive/2020/texmf-dist/fonts/type1/arphic/gbsnu/gbsnu6f.pfb><f:/texlive/2020/texmf-dist/fonts/type1/arphic/gbsnu/gbsnu70.pfb><f:/texlive/2020/texmf-dist/fonts/type1/arphic/gbsnu/gbsnu71.pfb><f:/texlive/2020/texmf-dist/fonts/type1/arphic/gbsnu/gbsnu72.pfb><f:/texlive/2020/texmf-dist/fonts/type1/arphic/gbsnu/gbsnu73.pfb><f:/texlive/2020/texmf-dist/fonts/type1/arphic/gbsnu/gbsnu74.pfb><f:/texlive/2020/texmf-dist/fonts/type1/arphic/gbsnu/gbsnu75.pfb><f:/texlive/2020/texmf-dist/fonts/type1/arphic/gbsnu/gbsnu76.pfb><f:/texlive/2020/texmf-dist/fonts/type1/arphic/gbsnu/gbsnu77.pfb><f:/texlive/2020/texmf-dist/fonts/type1/arphic/gbsnu/gbsnu78.pfb><f:/texlive/2020/texmf-dist/fonts/type1/arphic/gbsnu/gbsnu79.pfb><f:/texlive/2020/texmf-dist/fonts/type1/arphic/gbsnu/gbsnu7a.pfb><f:/texlive/2020/texmf-dist/fonts/type1/arphic/gbsnu/gbsnu7b.pfb><f:/texlive/2020/texmf-dist/fonts/type1/arphic/gbsnu/gbsnu7c.pfb><f:/texlive/2020/texmf-dist/fonts/type1/arphic/gbsnu/gbsnu7d.pfb><f:/texlive/2020/texmf-dist/fonts/type1/arphic/gbsnu/gbsnu7e.pfb><f:/texlive/2020/texmf-dist/fonts/type1/arphic/gbsnu/gbsnu7f.pfb><f:/texlive/2020/texmf-dist/fonts/type1/arphic/gbsnu/gbsnu80.pfb><f:/texlive/2020/texmf-dist/fonts/type1/arphic/gbsnu/gbsnu81.pfb><f:/texlive/2020/texmf-dist/fonts/type1/arphic/gbsnu/gbsnu82.pfb><f:/texlive/2020/texmf-dist/fonts/type1/arphic/gbsnu/gbsnu83.pfb><f:/texlive/2020/texmf-dist/fonts/type1/arphic/gbsnu/gbsnu85.pfb><f:/texlive/2020/texmf-dist/fonts/type1/arphic/gbsnu/gbsnu86.pfb><f:/texlive/2020/texmf-dist/fonts/type1/arphic/gbsnu/gbsnu88.pfb><f:/texlive/2020/texmf-dist/fonts/type1/arphic/gbsnu/gbsnu89.pfb><f:/texlive/2020/texmf-dist/fonts/type1/arphic/gbsnu/gbsnu8a.pfb><f:/texlive/2020/texmf-dist/fonts/type1/arphic/gbsnu/gbsnu8b.pfb><f:/texlive/2020/texmf-dist/fonts/type1/arphic/gbsnu/gbsnu8c.pfb><f:/texlive/2020/texmf-dist/fonts/type1/arphic/gbsnu/gbsnu8d.pfb><f:/texlive/2020/texmf-dist/fonts/type1/arphic/gbsnu/gbsnu8f.pfb><f:/texlive/2020/texmf-dist/fonts/type1/arphic/gbsnu/gbsnu90.pfb><f:/texlive/2020/texmf-dist/fonts/type1/arphic/gbsnu/gbsnu91.pfb><f:/texlive/2020/texmf-dist/fonts/type1/arphic/gbsnu/gbsnu94.pfb><f:/texlive/2020/texmf-dist/fonts/type1/arphic/gbsnu/gbsnu95.pfb><f:/texlive/2020/texmf-dist/fonts/type1/arphic/gbsnu/gbsnu96.pfb><f:/texlive/2020/texmf-dist/fonts/type1/arphic/gbsnu/gbsnu97.pfb><f:/texlive/2020/texmf-dist/fonts/type1/arphic/gbsnu/gbsnu98.pfb><f:/texlive/2020/texmf-dist/fonts/type1/arphic/gbsnu/gbsnu99.pfb><f:/texlive/2020/texmf-dist/fonts/type1/arphic/gbsnu/gbsnu9a.pfb><f:/texlive/2020/texmf-dist/fonts/type1/arphic/gbsnu/gbsnuff.pfb><f:/texlive/2020/texmf-dist/fonts/type1/public/cm-super/sfrm1200.pfb>
Output written on d:/latex_book/demo.pdf (49 pages, 2172104 bytes).
PDF statistics:
 1152 PDF objects out of 1200 (max. 8388607)
 918 compressed objects within 10 object streams
 207 named destinations out of 1000 (max. 500000)
 870 words of extra memory for PDF output out of 10000 (max. 10000000)

