\BOOKMARK [0][-]{chapter.1}{\176\277\140\047\136\372\152\041 \024 \024\147\000\134\017\116\214\116\130\154\325}{}% 1
\BOOKMARK [1][-]{section.1.1}{\121\231\127\(\147\000\122\115}{chapter.1}% 2
\BOOKMARK [1][-]{section.1.2}{\137\025\212\000}{chapter.1}% 3
\BOOKMARK [1][-]{section.1.3}{\225\356\230\230\166\204\143\320\121\372}{chapter.1}% 4
\BOOKMARK [1][-]{section.1.4}{\152\041\127\213\120\107\213\276}{chapter.1}% 5
\BOOKMARK [1][-]{section.1.5}{\143\250\133\374\217\307\172\013}{chapter.1}% 6
\BOOKMARK [1][-]{section.1.6}{\140\073\176\323}{chapter.1}% 7
\BOOKMARK [0][-]{chapter.2}{\131\032\123\330\221\317\147\000\134\017\116\214\116\130\154\325}{}% 8
\BOOKMARK [1][-]{section.2.1}{\137\025\212\000}{chapter.2}% 9
\BOOKMARK [1][-]{section.2.2}{\134\006\142\337\124\010\121\375\145\160\165\061\123\125\123\330\221\317\145\071\121\231\116\072\131\032\123\330\221\317}{chapter.2}% 10
\BOOKMARK [1][-]{section.2.3}{\131\032\162\171\137\201\116\013\154\102\211\343\123\302\145\160 }{chapter.2}% 11
\BOOKMARK [0][-]{chapter.3}{\153\143\122\031\123\026\147\000\134\017\116\214\116\130\154\325}{}% 12
\BOOKMARK [1][-]{section.3.1}{\152\041\127\213\166\204\154\333\123\026\116\016\217\307\142\337\124\010}{chapter.3}% 13
\BOOKMARK [1][-]{section.3.2}{\153\143\122\031\123\026\147\000\134\017\116\214\116\130\154\325}{chapter.3}% 14
\BOOKMARK [0][-]{chapter.4}{\147\000\131\047\117\074\161\066\117\060\213\241}{}% 15
\BOOKMARK [1][-]{section.4.1}{\147\000\131\047\117\074\161\066\117\060\213\241\166\204\127\372\147\054\140\035\140\363}{chapter.4}% 16
\BOOKMARK [1][-]{section.4.2}{\117\074\161\066\117\060\213\241}{chapter.4}% 17
\BOOKMARK [0][-]{chapter.5}{\147\064\175 \215\035\123\366\145\257}{}% 18
\BOOKMARK [1][-]{section.5.1}{\147\064\175 \215\035\123\366\145\257\122\006\174\173}{chapter.5}% 19
\BOOKMARK [2][-]{subsection.5.1.1}{\122\006\174\173\225\356\230\230}{section.5.1}% 20
\BOOKMARK [2][-]{subsection.5.1.2}{\151\202\163\207\166\370\121\163}{section.5.1}% 21
\BOOKMARK [2][-]{subsection.5.1.3}{\147\064\175 \215\035\123\366\145\257\145\271\154\325}{section.5.1}% 22
\BOOKMARK [2][-]{subsection.5.1.4}{\140\073\176\323}{section.5.1}% 23
\BOOKMARK [1][-]{section.5.2}{\147\064\175 \215\035\123\366\145\257\173\227\154\325\166\204\124\016\232\214\151\202\163\207\147\000\131\047\123\026\124\053\116\111}{chapter.5}% 24
\BOOKMARK [1][-]{section.5.3}{\147\064\175 \215\035\123\366\145\257\154\325\166\204\123\302\145\160\117\060\213\241}{chapter.5}% 25
\BOOKMARK [2][-]{subsection.5.3.1}{\147\201\131\047\117\074\161\066\117\060\213\241}{section.5.3}% 26
\BOOKMARK [2][-]{subsection.5.3.2}{\215\035\123\366\145\257\117\060\213\241}{section.5.3}% 27
\BOOKMARK [2][-]{subsection.5.3.3}{\140\073\176\323}{section.5.3}% 28
\BOOKMARK [0][-]{chapter.6}{\121\263\173\126\150\021}{}% 29
\BOOKMARK [1][-]{section.6.1}{\121\263\173\126\150\021\152\041\127\213}{chapter.6}% 30
\BOOKMARK [2][-]{subsection.6.1.1}{\137\025\212\000}{section.6.1}% 31
\BOOKMARK [2][-]{subsection.6.1.2}{\121\263\173\126\150\021\152\041\127\213}{section.6.1}% 32
\BOOKMARK [2][-]{subsection.6.1.3}{\121\263\173\126\150\021\166\204\133\146\116\140}{section.6.1}% 33
\BOOKMARK [1][-]{section.6.2}{\121\263\173\126\150\021\152\041\127\213\166\204\162\171\137\201\220\011\142\351}{chapter.6}% 34
\BOOKMARK [2][-]{subsection.6.2.1}{\137\025\212\000}{section.6.2}% 35
\BOOKMARK [2][-]{subsection.6.2.2}{\117\341\140\157\130\236\166\312}{section.6.2}% 36
\BOOKMARK [2][-]{subsection.6.2.3}{\117\341\140\157\130\236\166\312\153\324}{section.6.2}% 37
\BOOKMARK [1][-]{section.6.3}{\121\263\173\126\150\021\166\204\165\037\142\020\116\016\122\152\147\235}{chapter.6}% 38
\BOOKMARK [2][-]{subsection.6.3.1}{\121\263\173\126\150\021\166\204\165\037\142\020\173\227\154\325}{section.6.3}% 39
\BOOKMARK [2][-]{subsection.6.3.2}{\121\263\173\126\150\021\166\204\122\152\147\235}{section.6.3}% 40
\BOOKMARK [0][-]{chapter.7}{\220\073\217\221\126\336\137\122}{}% 41
\BOOKMARK [1][-]{section.7.1}{Logistic \124\214 Softmax \121\375\145\160}{chapter.7}% 42
\BOOKMARK [2][-]{subsection.7.1.1}{\213\364\146\016}{section.7.1}% 43
\BOOKMARK [2][-]{subsection.7.1.2}{Logistic \121\375\145\160}{section.7.1}% 44
\BOOKMARK [2][-]{subsection.7.1.3}{Softmax \121\375\145\160}{section.7.1}% 45
\BOOKMARK [1][-]{section.7.2}{\220\073\217\221\126\336\137\122\166\204\143\250\133\374\217\307\172\013}{chapter.7}% 46
\BOOKMARK [2][-]{subsection.7.2.1}{\137\025\212\000}{section.7.2}% 47
\BOOKMARK [2][-]{subsection.7.2.2}{Logistic Regression \166\204\116\000\202\054\153\145\232\244}{section.7.2}% 48
\BOOKMARK [2][-]{subsection.7.2.3}{\116\214\122\006\174\173\225\356\230\230\116\013Logistic Regression\166\204\217\307\172\013}{section.7.2}% 49
\BOOKMARK [0][-]{chapter.8}{\226\220\232\154\134\024\171\321\131\053\152\041\127\213}{}% 50
\BOOKMARK [1][-]{section.8.1}{\173\200\116\313}{chapter.8}% 51
\BOOKMARK [1][-]{section.8.2}{\226\220\232\154\134\024\171\321\131\053\152\041\127\213\166\204\127\372\147\054\123\237\164\006}{chapter.8}% 52
\BOOKMARK [2][-]{subsection.8.2.1}{HMM\166\204\176\304\142\020\220\350\122\006}{section.8.2}% 53
\BOOKMARK [2][-]{subsection.8.2.2}{\211\302\133\337\136\217\122\027\166\204\165\037\142\020}{section.8.2}% 54
\BOOKMARK [1][-]{section.8.3}{HMM\117\060\213\241\225\356\230\230\124\214\122\115\124\021\124\016\124\021\173\227\154\325}{chapter.8}% 55
\BOOKMARK [2][-]{subsection.8.3.1}{\226\220\232\154\134\024\171\321\131\053\224\376\166\204\173\054\116\000\116\052\127\372\147\054\225\356\230\230}{section.8.3}% 56
\BOOKMARK [2][-]{subsection.8.3.2}{\154\102\211\343\211\302\133\337\136\217\122\027\166\204\151\202\163\207}{section.8.3}% 57
\BOOKMARK [2][-]{subsection.8.3.3}{HMM\116\055\166\204\122\115\124\021\173\227\154\325}{section.8.3}% 58
\BOOKMARK [2][-]{subsection.8.3.4}{HMM\116\055\166\204\124\016\124\021\173\227\154\325}{section.8.3}% 59
\BOOKMARK [2][-]{subsection.8.3.5}{\124\016\124\021\173\227\154\325}{section.8.3}% 60
\BOOKMARK [1][-]{section.8.4}{HMM\136\217\122\027\225\356\230\230\124\214\176\364\162\171\153\324\173\227\154\325}{chapter.8}% 61
\BOOKMARK [2][-]{subsection.8.4.1}{HMM\116\055\166\204\173\054\116\214\116\052\127\372\147\054\225\356\230\230}{section.8.4}% 62
\BOOKMARK [2][-]{subsection.8.4.2}{\133\232\116\111\147\000\117\030\162\266\140\001\136\217\122\027}{section.8.4}% 63
\BOOKMARK [2][-]{subsection.8.4.3}{\176\364\162\171\153\324\173\227\154\325}{section.8.4}% 64
\BOOKMARK [1][-]{section.8.5}{HMM\166\204\123\302\145\160\117\060\213\241}{chapter.8}% 65
\BOOKMARK [2][-]{subsection.8.5.1}{HMM\116\055\166\204\173\054\116\011\116\052\127\372\147\054\225\356\230\230}{section.8.5}% 66
\BOOKMARK [2][-]{subsection.8.5.2}{\173\227\154\325\116\313\176\315}{section.8.5}% 67
\BOOKMARK [2][-]{subsection.8.5.3}{\122\115\124\021\124\016\124\021\173\227\154\325}{section.8.5}% 68
\BOOKMARK [0][-]{chapter.9}{NEXT2}{}% 69
