\BOOKMARK [0][-]{chapter.1}{Word2Vec\127\372\147\054\145\160\133\146\121\205\133\271}{}% 1
\BOOKMARK [1][-]{section.1.1}{Sigmod \121\375\145\160}{chapter.1}% 2
\BOOKMARK [1][-]{section.1.2}{\215\035\123\366\145\257\121\154\137\017}{chapter.1}% 3
\BOOKMARK [1][-]{section.1.3}{Huffman \150\021\124\214Huffman\177\026\170\001}{chapter.1}% 4
\BOOKMARK [0][-]{chapter.2}{\213\355\212\000\152\041\127\213}{}% 5
\BOOKMARK [1][-]{section.2.1}{\176\337\213\241\213\355\212\000\152\041\127\213\166\204\127\372\147\054\123\237\164\006}{chapter.2}% 6
\BOOKMARK [1][-]{section.2.2}{\116\073\211\201\166\204\176\337\213\241\213\355\212\000\152\041\127\213}{chapter.2}% 7
\BOOKMARK [2][-]{subsection.2.2.1}{\116\012\116\013\145\207\145\340\121\163\152\041\127\213}{section.2.2}% 8
\BOOKMARK [2][-]{subsection.2.2.2}{n-gram\152\041\127\213}{section.2.2}% 9
\BOOKMARK [0][-]{chapter.3}{Hierarchical Softmax\152\041\127\213}{}% 10
\BOOKMARK [1][-]{section.3.1}{\213\315\124\021\221\317}{chapter.3}% 11
\BOOKMARK [1][-]{section.3.2}{CBOW\152\041\127\213}{chapter.3}% 12
\BOOKMARK [2][-]{subsection.3.2.1}{CBOW\152\041\127\213\116\313\176\315}{section.3.2}% 13
\BOOKMARK [2][-]{subsection.3.2.2}{CBOW\152\041\127\213\166\204\143\250\133\374}{section.3.2}% 14
\BOOKMARK [1][-]{section.3.3}{Skip-gram\152\041\127\213}{chapter.3}% 15
\BOOKMARK [2][-]{subsection.3.3.1}{Skip-gram\152\041\127\213\116\313\176\315}{section.3.3}% 16
\BOOKMARK [2][-]{subsection.3.3.2}{Skip-gram\152\041\127\213\166\204\166\356\150\007\121\375\145\160}{section.3.3}% 17
\BOOKMARK [2][-]{subsection.3.3.3}{Skip-gram\152\041\127\213\166\204\143\250\133\374\217\307\172\013}{section.3.3}% 18
\BOOKMARK [0][-]{chapter.4}{Negative Sampling\152\041\127\213}{}% 19
\BOOKMARK [1][-]{section.4.1}{CBOW}{chapter.4}% 20
\BOOKMARK [1][-]{section.4.2}{Skip-gram\152\041\127\213}{chapter.4}% 21
\BOOKMARK [0][-]{chapter.5}{Word2Vec\213\255\176\303\124\014\116\111\213\315\152\041\127\213}{}% 22
\BOOKMARK [1][-]{section.5.1}{\227\000\154\102\143\317\217\360}{chapter.5}% 23
\BOOKMARK [1][-]{section.5.2}{\145\160\143\156\131\004\164\006}{chapter.5}% 24
\BOOKMARK [1][-]{section.5.3}{\135\345\121\167\220\011\142\351}{chapter.5}% 25
\BOOKMARK [1][-]{section.5.4}{\152\041\127\213\213\255\176\303\153\145\232\244\173\200\217\360}{chapter.5}% 26
\BOOKMARK [1][-]{section.5.5}{\221\315\211\201\214\003\123\302\166\356\150\007}{chapter.5}% 27
\BOOKMARK [1][-]{section.5.6}{\152\041\127\213\166\204\133\236\226\105\145\110\147\234}{chapter.5}% 28
\BOOKMARK [1][-]{section.5.7}{\123\357\116\345\215\321\166\204CODE}{chapter.5}% 29
\BOOKMARK [0][-]{chapter.6}{Spark\116\013\166\204word2vec\152\041\127\213\213\255\176\303}{}% 30
\BOOKMARK [1][-]{section.6.1}{\137\025\212\000}{chapter.6}% 31
\BOOKMARK [1][-]{section.6.2}{\122\006\213\315}{chapter.6}% 32
\BOOKMARK [1][-]{section.6.3}{\152\041\127\213\213\255\176\303}{chapter.6}% 33
\BOOKMARK [0][-]{chapter.7}{Word2Vec \166\204\221\315\160\271\123\302\200\003\145\207\163\056}{}% 34
